#
# A fatal error has been detected by the Java Runtime Environment:
#
#  EXCEPTION_ACCESS_VIOLATION (0xc0000005) at pc=0x00007ff8a95a1613, pid=20404, tid=4336
#
# JRE version:  (15.0.1+9) (build )
# Java VM: Java HotSpot(TM) 64-Bit Server VM (15.0.1+9-18, mixed mode, sharing, tiered, compressed oops, g1 gc, windows-amd64)
# Problematic frame:
# V  [jvm.dll+0x351613]
#
# No core dump will be written. Minidumps are not enabled by default on client versions of Windows
#
#

---------------  S U M M A R Y ------------

Command Line: -XX:+ShowCodeDetailsInExceptionMessages -agentlib:jdwp=transport=dt_socket,suspend=y,address=localhost:51691 -javaagent:C:\Users\yogesh\eclipse\java-2020-09\eclipse\configuration\org.eclipse.osgi\215\0\.cp\lib\javaagent-shaded.jar -Dfile.encoding=Cp1252 Arithmatic.Multiply_WithoutMultiplication

Host: Intel(R) Core(TM)2 Duo CPU     E7600  @ 3.06GHz, 2 cores, 7G,  Windows 10 , 64 bit Build 10586 (10.0.10586.0)
Time: Thu Apr  8 17:44:03 2021 India Standard Time elapsed time: 0.487518 seconds (0d 0h 0m 0s)

---------------  T H R E A D  ---------------

Current thread (0x000001d2b18e6d70):  JavaThread "Unknown thread" [_thread_in_vm, id=4336, stack(0x000000b0f8a00000,0x000000b0f8b00000)]

Stack: [0x000000b0f8a00000,0x000000b0f8b00000],  sp=0x000000b0f8aff600,  free space=1021k
Native frames: (J=compiled Java code, j=interpreted, Vv=VM code, C=native code)
V  [jvm.dll+0x351613]
V  [jvm.dll+0x62adc2]
V  [jvm.dll+0x3512de]
V  [jvm.dll+0x33a5d7]
V  [jvm.dll+0x33a038]
V  [jvm.dll+0x740894]
V  [jvm.dll+0x73e9ba]
V  [jvm.dll+0x3b7777]
V  [jvm.dll+0x3b9201]
C  [jli.dll+0x52fb]
C  [ucrtbase.dll+0x6be1d]
C  [KERNEL32.DLL+0x18102]
C  [ntdll.dll+0x5c5b4]


siginfo: EXCEPTION_ACCESS_VIOLATION (0xc0000005), writing address 0x000000b0f8af8600


Register to memory mapping:

RIP=0x00007ff8a95a1613 jvm.dll
RAX=0x0000000000000001 is an unknown value
RBX=0x000000b0f8af8600 is pointing into the stack for thread: 0x000001d2b18e6d70
RCX=0x0000000000001000 is an unknown value
RDX=0x0 is NULL
RSP=0x000000b0f8aff600 is pointing into the stack for thread: 0x000001d2b18e6d70
RBP=0x000000b0f8aff700 is pointing into the stack for thread: 0x000001d2b18e6d70
RSI=0x0 is NULL
RDI=0x000000b0f8aff910 is pointing into the stack for thread: 0x000001d2b18e6d70
R8 =0x000000b0f8aff600 is pointing into the stack for thread: 0x000001d2b18e6d70
R9 =0x0000000000000130 is an unknown value
R10=0x000000b0f8aff810 is pointing into the stack for thread: 0x000001d2b18e6d70
R11=0x000000b0f8aff820 is pointing into the stack for thread: 0x000001d2b18e6d70
R12=0x000000b0f8aff810 is pointing into the stack for thread: 0x000001d2b18e6d70
R13=0x000000000000000a is an unknown value
R14=0x000001d2b18e6d70 is a thread
R15=0x000000b0f8aff820 is pointing into the stack for thread: 0x000001d2b18e6d70


Registers:
RAX=0x0000000000000001, RBX=0x000000b0f8af8600, RCX=0x0000000000001000, RDX=0x0000000000000000
RSP=0x000000b0f8aff600, RBP=0x000000b0f8aff700, RSI=0x0000000000000000, RDI=0x000000b0f8aff910
R8 =0x000000b0f8aff600, R9 =0x0000000000000130, R10=0x000000b0f8aff810, R11=0x000000b0f8aff820
R12=0x000000b0f8aff810, R13=0x000000000000000a, R14=0x000001d2b18e6d70, R15=0x000000b0f8aff820
RIP=0x00007ff8a95a1613, EFLAGS=0x0000000000010206

Top of Stack: (sp=0x000000b0f8aff600)
0x000000b0f8aff600:   000000b0f8aff600 0000000000000000
0x000000b0f8aff610:   0000000000000007 0000000000151442
0x000000b0f8aff620:   000001d2af7eeb00 000001d2b18f0650
0x000000b0f8aff630:   000001d2b18f1050 000001d2b18f0510
0x000000b0f8aff640:   000001d2af7eca04 000001d2af7eca20
0x000000b0f8aff650:   ffffffff00000004 000001d2b18f0650
0x000000b0f8aff660:   000001d2b18f1050 000001d2b18f0510
0x000000b0f8aff670:   000001d2af7eca04 000001d2af7eca20
0x000000b0f8aff680:   ffffffff00000004 00007ff8a958b2c7
0x000000b0f8aff690:   000001d2af800bd0 000001d2b18e6d70
0x000000b0f8aff6a0:   0000000000000000 000000b0f8aff790
0x000000b0f8aff6b0:   00000000000000a8 0000000000000010
0x000000b0f8aff6c0:   0000000000000006 ffffffffffffffff
0x000000b0f8aff6d0:   0000000800026420 000001d2b18e6d70
0x000000b0f8aff6e0:   0000000000000022 0000000000000000
0x000000b0f8aff6f0:   0000000000000033 00000000001513f1 

Instructions: (pc=0x00007ff8a95a1613)
0x00007ff8a95a1513:   18 35 00 49 03 c8 ff e1 41 bd 0a 00 00 00 eb 4c
0x00007ff8a95a1523:   41 bd 0b 00 00 00 c6 85 80 00 00 00 00 eb 57 41
0x00007ff8a95a1533:   bd 06 00 00 00 c6 85 80 00 00 00 00 eb 48 41 bd
0x00007ff8a95a1543:   07 00 00 00 c6 85 80 00 00 00 00 eb 39 ba b2 00
0x00007ff8a95a1553:   00 00 48 8d 0d 7c 46 54 00 e8 8f 4b ec ff e8 da
0x00007ff8a95a1563:   93 2d 00 41 8b 17 41 bd 63 00 00 00 83 fa 0c 74
0x00007ff8a95a1573:   0e 83 fa 0d 74 09 c6 85 80 00 00 00 00 eb 07 c6
0x00007ff8a95a1583:   85 80 00 00 00 01 49 8b 04 24 8b 40 20 c1 e8 03
0x00007ff8a95a1593:   a8 01 75 0d 48 8b 47 58 48 8b 30 48 89 75 e0 eb
0x00007ff8a95a15a3:   07 48 89 5d e8 48 8b f3 41 83 be e8 03 00 00 03
0x00007ff8a95a15b3:   74 08 49 8b ce e8 13 2d 3f 00 e8 ee 96 2d 00 4c
0x00007ff8a95a15c3:   8b c0 49 8b d4 49 8b ce 48 8b d8 e8 8d e6 2c 00
0x00007ff8a95a15d3:   84 c0 75 1d 4d 8b cc 48 8d 15 f7 45 54 00 41 b8
0x00007ff8a95a15e3:   91 01 00 00 49 8b ce e8 51 a7 f3 ff e9 1b 02 00
0x00007ff8a95a15f3:   00 48 63 0d 25 6c 74 00 33 d2 48 8b 05 3c 17 77
0x00007ff8a95a1603:   00 48 f7 f1 48 83 f8 01 72 0f 0f 1f 00 48 2b d9
0x00007ff8a95a1613:   c6 03 00 48 83 e8 01 75 f4 4d 8b cf 4c 89 74 24
0x00007ff8a95a1623:   20 4c 8b c6 48 8d 4c 24 40 49 8b d4 e8 bc fa ff
0x00007ff8a95a1633:   ff 49 83 7e 08 00 0f 85 48 01 00 00 49 8b d6 48
0x00007ff8a95a1643:   8d 4d f0 e8 75 31 fc ff 33 f6 39 77 68 0f 8e 95
0x00007ff8a95a1653:   00 00 00 33 db 0f 1f 84 00 00 00 00 00 48 8b 47
0x00007ff8a95a1663:   60 0f b6 0c 18 85 c9 74 71 48 8b 47 58 48 8b 14
0x00007ff8a95a1673:   d8 83 e9 02 74 48 83 f9 01 74 1a ba e8 01 00 00
0x00007ff8a95a1683:   48 8d 0d 4e 45 54 00 e8 61 4a ec ff e8 ac 92 2d
0x00007ff8a95a1693:   00 33 c9 eb 35 33 c9 48 85 d2 74 2e f6 c2 01 74
0x00007ff8a95a16a3:   0f 48 8d 4a ff ff 15 fa a0 6a 00 48 8b c8 eb 1a
0x00007ff8a95a16b3:   48 8b ca ff 15 4c 29 6a 00 48 8b c8 eb 0c 48 85
0x00007ff8a95a16c3:   d2 75 04 33 c9 eb 03 48 8b 0a 48 8b 47 58 48 89
0x00007ff8a95a16d3:   0c d8 48 8b 47 60 c6 04 03 01 ff c6 48 ff c3 3b
0x00007ff8a95a16e3:   77 68 0f 8c 75 ff ff ff 48 8b 47 78 48 8b 5f 58
0x00007ff8a95a16f3:   48 85 c0 74 48 48 8b 10 33 c9 e8 5e 72 12 00 48
0x00007ff8a95a1703:   85 c0 74 39 49 89 86 d8 03 00 00 49 8b 04 24 48 


Stack slot to memory mapping:
stack at sp + 0 slots: 0x000000b0f8aff600 is pointing into the stack for thread: 0x000001d2b18e6d70
stack at sp + 1 slots: 0x0 is NULL
stack at sp + 2 slots: 0x0000000000000007 is an unknown value
stack at sp + 3 slots: 0x0000000000151442 is an unknown value
stack at sp + 4 slots: 0x000001d2af7eeb00 points into unknown readable memory: 0x0000000089d01310 | 10 13 d0 89 00 00 00 00
stack at sp + 5 slots: 0x000001d2b18f0650 points into unknown readable memory: 0x00007ff8a9b25308 | 08 53 b2 a9 f8 7f 00 00
stack at sp + 6 slots: 0x000001d2b18f1050 points into unknown readable memory: 0x00007ff8a9b25308 | 08 53 b2 a9 f8 7f 00 00
stack at sp + 7 slots: 0x000001d2b18f0510 points into unknown readable memory: 0x00007ff8a9b25308 | 08 53 b2 a9 f8 7f 00 00


---------------  P R O C E S S  ---------------

Threads class SMR info:
_java_thread_list=0x000001d2b19c8390, length=1, elements={
0x000001d2b18e6d70
}

Java Threads: ( => current thread )
=>0x000001d2b18e6d70 JavaThread "Unknown thread" [_thread_in_vm, id=4336, stack(0x000000b0f8a00000,0x000000b0f8b00000)]

Other Threads:
  0x000001d2b19ca770 VMThread "VM Thread" [stack: 0x000000b0f9100000,0x000000b0f9200000] [id=20592]
  0x000001d2b19235e0 GCTaskThread "GC Thread#0" [stack: 0x000000b0f8c00000,0x000000b0f8d00000] [id=6700]
  0x000001d2b19353d0 ConcurrentGCThread "G1 Main Marker" [stack: 0x000000b0f8d00000,0x000000b0f8e00000] [id=1220]
  0x000001d2b1936c50 ConcurrentGCThread "G1 Conc#0" [stack: 0x000000b0f8e00000,0x000000b0f8f00000] [id=8124]
  0x000001d2b19a5850 ConcurrentGCThread "G1 Refine#0" [stack: 0x000000b0f8f00000,0x000000b0f9000000] [id=9000]
  0x000001d2b19a6f20 ConcurrentGCThread "G1 Young RemSet Sampling" [stack: 0x000000b0f9000000,0x000000b0f9100000] [id=8468]

Threads with active compile tasks:

VM state: not at safepoint (normal execution)

VM Mutex/Monitor currently owned by a thread: None

Heap address: 0x0000000082000000, size: 2016 MB, Compressed Oops mode: 32-bit
CDS archive(s) mapped at: [0x0000000800000000-0x0000000800b50000-0x0000000800b50000), size 11862016, SharedBaseAddress: 0x0000000800000000, ArchiveRelocationMode: 0.
Compressed class space mapped at: 0x0000000800b50000-0x0000000840b50000, size: 1073741824
Narrow klass base: 0x0000000800000000, Narrow klass shift: 3, Narrow klass range: 0x100000000

GC Precious Log:
 CPUs: 2 total, 2 available
 Memory: 8061M
 Large Page Support: Disabled
 NUMA Support: Disabled
 Compressed Oops: Enabled (32-bit)
 Heap Region Size: 1M
 Heap Min Capacity: 8M
 Heap Initial Capacity: 126M
 Heap Max Capacity: 2016M
 Pre-touch: Disabled
 Parallel Workers: 2
 Concurrent Workers: 1
 Concurrent Refinement Workers: 2
 Periodic GC: Disabled

Heap:
 garbage-first heap   total 129024K, used 0K [0x0000000082000000, 0x0000000100000000)
  region size 1024K, 1 young (1024K), 0 survivors (0K)
 Metaspace       used 2K, capacity 4480K, committed 4480K, reserved 1056768K
  class space    used 1K, capacity 384K, committed 384K, reserved 1048576K

Heap Regions: E=young(eden), S=young(survivor), O=old, HS=humongous(starts), HC=humongous(continues), CS=collection set, F=free, OA=open archive, CA=closed archive, TAMS=top-at-mark-start (previous, next)
|   0|0x0000000082000000, 0x0000000082000000, 0x0000000082100000|  0%| F|  |TAMS 0x0000000082000000, 0x0000000082000000| Untracked 
|   1|0x0000000082100000, 0x0000000082100000, 0x0000000082200000|  0%| F|  |TAMS 0x0000000082100000, 0x0000000082100000| Untracked 
|   2|0x0000000082200000, 0x0000000082200000, 0x0000000082300000|  0%| F|  |TAMS 0x0000000082200000, 0x0000000082200000| Untracked 
|   3|0x0000000082300000, 0x0000000082300000, 0x0000000082400000|  0%| F|  |TAMS 0x0000000082300000, 0x0000000082300000| Untracked 
|   4|0x0000000082400000, 0x0000000082400000, 0x0000000082500000|  0%| F|  |TAMS 0x0000000082400000, 0x0000000082400000| Untracked 
|   5|0x0000000082500000, 0x0000000082500000, 0x0000000082600000|  0%| F|  |TAMS 0x0000000082500000, 0x0000000082500000| Untracked 
|   6|0x0000000082600000, 0x0000000082600000, 0x0000000082700000|  0%| F|  |TAMS 0x0000000082600000, 0x0000000082600000| Untracked 
|   7|0x0000000082700000, 0x0000000082700000, 0x0000000082800000|  0%| F|  |TAMS 0x0000000082700000, 0x0000000082700000| Untracked 
|   8|0x0000000082800000, 0x0000000082800000, 0x0000000082900000|  0%| F|  |TAMS 0x0000000082800000, 0x0000000082800000| Untracked 
|   9|0x0000000082900000, 0x0000000082900000, 0x0000000082a00000|  0%| F|  |TAMS 0x0000000082900000, 0x0000000082900000| Untracked 
|  10|0x0000000082a00000, 0x0000000082a00000, 0x0000000082b00000|  0%| F|  |TAMS 0x0000000082a00000, 0x0000000082a00000| Untracked 
|  11|0x0000000082b00000, 0x0000000082b00000, 0x0000000082c00000|  0%| F|  |TAMS 0x0000000082b00000, 0x0000000082b00000| Untracked 
|  12|0x0000000082c00000, 0x0000000082c00000, 0x0000000082d00000|  0%| F|  |TAMS 0x0000000082c00000, 0x0000000082c00000| Untracked 
|  13|0x0000000082d00000, 0x0000000082d00000, 0x0000000082e00000|  0%| F|  |TAMS 0x0000000082d00000, 0x0000000082d00000| Untracked 
|  14|0x0000000082e00000, 0x0000000082e00000, 0x0000000082f00000|  0%| F|  |TAMS 0x0000000082e00000, 0x0000000082e00000| Untracked 
|  15|0x0000000082f00000, 0x0000000082f00000, 0x0000000083000000|  0%| F|  |TAMS 0x0000000082f00000, 0x0000000082f00000| Untracked 
|  16|0x0000000083000000, 0x0000000083000000, 0x0000000083100000|  0%| F|  |TAMS 0x0000000083000000, 0x0000000083000000| Untracked 
|  17|0x0000000083100000, 0x0000000083100000, 0x0000000083200000|  0%| F|  |TAMS 0x0000000083100000, 0x0000000083100000| Untracked 
|  18|0x0000000083200000, 0x0000000083200000, 0x0000000083300000|  0%| F|  |TAMS 0x0000000083200000, 0x0000000083200000| Untracked 
|  19|0x0000000083300000, 0x0000000083300000, 0x0000000083400000|  0%| F|  |TAMS 0x0000000083300000, 0x0000000083300000| Untracked 
|  20|0x0000000083400000, 0x0000000083400000, 0x0000000083500000|  0%| F|  |TAMS 0x0000000083400000, 0x0000000083400000| Untracked 
|  21|0x0000000083500000, 0x0000000083500000, 0x0000000083600000|  0%| F|  |TAMS 0x0000000083500000, 0x0000000083500000| Untracked 
|  22|0x0000000083600000, 0x0000000083600000, 0x0000000083700000|  0%| F|  |TAMS 0x0000000083600000, 0x0000000083600000| Untracked 
|  23|0x0000000083700000, 0x0000000083700000, 0x0000000083800000|  0%| F|  |TAMS 0x0000000083700000, 0x0000000083700000| Untracked 
|  24|0x0000000083800000, 0x0000000083800000, 0x0000000083900000|  0%| F|  |TAMS 0x0000000083800000, 0x0000000083800000| Untracked 
|  25|0x0000000083900000, 0x0000000083900000, 0x0000000083a00000|  0%| F|  |TAMS 0x0000000083900000, 0x0000000083900000| Untracked 
|  26|0x0000000083a00000, 0x0000000083a00000, 0x0000000083b00000|  0%| F|  |TAMS 0x0000000083a00000, 0x0000000083a00000| Untracked 
|  27|0x0000000083b00000, 0x0000000083b00000, 0x0000000083c00000|  0%| F|  |TAMS 0x0000000083b00000, 0x0000000083b00000| Untracked 
|  28|0x0000000083c00000, 0x0000000083c00000, 0x0000000083d00000|  0%| F|  |TAMS 0x0000000083c00000, 0x0000000083c00000| Untracked 
|  29|0x0000000083d00000, 0x0000000083d00000, 0x0000000083e00000|  0%| F|  |TAMS 0x0000000083d00000, 0x0000000083d00000| Untracked 
|  30|0x0000000083e00000, 0x0000000083e00000, 0x0000000083f00000|  0%| F|  |TAMS 0x0000000083e00000, 0x0000000083e00000| Untracked 
|  31|0x0000000083f00000, 0x0000000083f00000, 0x0000000084000000|  0%| F|  |TAMS 0x0000000083f00000, 0x0000000083f00000| Untracked 
|  32|0x0000000084000000, 0x0000000084000000, 0x0000000084100000|  0%| F|  |TAMS 0x0000000084000000, 0x0000000084000000| Untracked 
|  33|0x0000000084100000, 0x0000000084100000, 0x0000000084200000|  0%| F|  |TAMS 0x0000000084100000, 0x0000000084100000| Untracked 
|  34|0x0000000084200000, 0x0000000084200000, 0x0000000084300000|  0%| F|  |TAMS 0x0000000084200000, 0x0000000084200000| Untracked 
|  35|0x0000000084300000, 0x0000000084300000, 0x0000000084400000|  0%| F|  |TAMS 0x0000000084300000, 0x0000000084300000| Untracked 
|  36|0x0000000084400000, 0x0000000084400000, 0x0000000084500000|  0%| F|  |TAMS 0x0000000084400000, 0x0000000084400000| Untracked 
|  37|0x0000000084500000, 0x0000000084500000, 0x0000000084600000|  0%| F|  |TAMS 0x0000000084500000, 0x0000000084500000| Untracked 
|  38|0x0000000084600000, 0x0000000084600000, 0x0000000084700000|  0%| F|  |TAMS 0x0000000084600000, 0x0000000084600000| Untracked 
|  39|0x0000000084700000, 0x0000000084700000, 0x0000000084800000|  0%| F|  |TAMS 0x0000000084700000, 0x0000000084700000| Untracked 
|  40|0x0000000084800000, 0x0000000084800000, 0x0000000084900000|  0%| F|  |TAMS 0x0000000084800000, 0x0000000084800000| Untracked 
|  41|0x0000000084900000, 0x0000000084900000, 0x0000000084a00000|  0%| F|  |TAMS 0x0000000084900000, 0x0000000084900000| Untracked 
|  42|0x0000000084a00000, 0x0000000084a00000, 0x0000000084b00000|  0%| F|  |TAMS 0x0000000084a00000, 0x0000000084a00000| Untracked 
|  43|0x0000000084b00000, 0x0000000084b00000, 0x0000000084c00000|  0%| F|  |TAMS 0x0000000084b00000, 0x0000000084b00000| Untracked 
|  44|0x0000000084c00000, 0x0000000084c00000, 0x0000000084d00000|  0%| F|  |TAMS 0x0000000084c00000, 0x0000000084c00000| Untracked 
|  45|0x0000000084d00000, 0x0000000084d00000, 0x0000000084e00000|  0%| F|  |TAMS 0x0000000084d00000, 0x0000000084d00000| Untracked 
|  46|0x0000000084e00000, 0x0000000084e00000, 0x0000000084f00000|  0%| F|  |TAMS 0x0000000084e00000, 0x0000000084e00000| Untracked 
|  47|0x0000000084f00000, 0x0000000084f00000, 0x0000000085000000|  0%| F|  |TAMS 0x0000000084f00000, 0x0000000084f00000| Untracked 
|  48|0x0000000085000000, 0x0000000085000000, 0x0000000085100000|  0%| F|  |TAMS 0x0000000085000000, 0x0000000085000000| Untracked 
|  49|0x0000000085100000, 0x0000000085100000, 0x0000000085200000|  0%| F|  |TAMS 0x0000000085100000, 0x0000000085100000| Untracked 
|  50|0x0000000085200000, 0x0000000085200000, 0x0000000085300000|  0%| F|  |TAMS 0x0000000085200000, 0x0000000085200000| Untracked 
|  51|0x0000000085300000, 0x0000000085300000, 0x0000000085400000|  0%| F|  |TAMS 0x0000000085300000, 0x0000000085300000| Untracked 
|  52|0x0000000085400000, 0x0000000085400000, 0x0000000085500000|  0%| F|  |TAMS 0x0000000085400000, 0x0000000085400000| Untracked 
|  53|0x0000000085500000, 0x0000000085500000, 0x0000000085600000|  0%| F|  |TAMS 0x0000000085500000, 0x0000000085500000| Untracked 
|  54|0x0000000085600000, 0x0000000085600000, 0x0000000085700000|  0%| F|  |TAMS 0x0000000085600000, 0x0000000085600000| Untracked 
|  55|0x0000000085700000, 0x0000000085700000, 0x0000000085800000|  0%| F|  |TAMS 0x0000000085700000, 0x0000000085700000| Untracked 
|  56|0x0000000085800000, 0x0000000085800000, 0x0000000085900000|  0%| F|  |TAMS 0x0000000085800000, 0x0000000085800000| Untracked 
|  57|0x0000000085900000, 0x0000000085900000, 0x0000000085a00000|  0%| F|  |TAMS 0x0000000085900000, 0x0000000085900000| Untracked 
|  58|0x0000000085a00000, 0x0000000085a00000, 0x0000000085b00000|  0%| F|  |TAMS 0x0000000085a00000, 0x0000000085a00000| Untracked 
|  59|0x0000000085b00000, 0x0000000085b00000, 0x0000000085c00000|  0%| F|  |TAMS 0x0000000085b00000, 0x0000000085b00000| Untracked 
|  60|0x0000000085c00000, 0x0000000085c00000, 0x0000000085d00000|  0%| F|  |TAMS 0x0000000085c00000, 0x0000000085c00000| Untracked 
|  61|0x0000000085d00000, 0x0000000085d00000, 0x0000000085e00000|  0%| F|  |TAMS 0x0000000085d00000, 0x0000000085d00000| Untracked 
|  62|0x0000000085e00000, 0x0000000085e00000, 0x0000000085f00000|  0%| F|  |TAMS 0x0000000085e00000, 0x0000000085e00000| Untracked 
|  63|0x0000000085f00000, 0x0000000085f00000, 0x0000000086000000|  0%| F|  |TAMS 0x0000000085f00000, 0x0000000085f00000| Untracked 
|  64|0x0000000086000000, 0x0000000086000000, 0x0000000086100000|  0%| F|  |TAMS 0x0000000086000000, 0x0000000086000000| Untracked 
|  65|0x0000000086100000, 0x0000000086100000, 0x0000000086200000|  0%| F|  |TAMS 0x0000000086100000, 0x0000000086100000| Untracked 
|  66|0x0000000086200000, 0x0000000086200000, 0x0000000086300000|  0%| F|  |TAMS 0x0000000086200000, 0x0000000086200000| Untracked 
|  67|0x0000000086300000, 0x0000000086300000, 0x0000000086400000|  0%| F|  |TAMS 0x0000000086300000, 0x0000000086300000| Untracked 
|  68|0x0000000086400000, 0x0000000086400000, 0x0000000086500000|  0%| F|  |TAMS 0x0000000086400000, 0x0000000086400000| Untracked 
|  69|0x0000000086500000, 0x0000000086500000, 0x0000000086600000|  0%| F|  |TAMS 0x0000000086500000, 0x0000000086500000| Untracked 
|  70|0x0000000086600000, 0x0000000086600000, 0x0000000086700000|  0%| F|  |TAMS 0x0000000086600000, 0x0000000086600000| Untracked 
|  71|0x0000000086700000, 0x0000000086700000, 0x0000000086800000|  0%| F|  |TAMS 0x0000000086700000, 0x0000000086700000| Untracked 
|  72|0x0000000086800000, 0x0000000086800000, 0x0000000086900000|  0%| F|  |TAMS 0x0000000086800000, 0x0000000086800000| Untracked 
|  73|0x0000000086900000, 0x0000000086900000, 0x0000000086a00000|  0%| F|  |TAMS 0x0000000086900000, 0x0000000086900000| Untracked 
|  74|0x0000000086a00000, 0x0000000086a00000, 0x0000000086b00000|  0%| F|  |TAMS 0x0000000086a00000, 0x0000000086a00000| Untracked 
|  75|0x0000000086b00000, 0x0000000086b00000, 0x0000000086c00000|  0%| F|  |TAMS 0x0000000086b00000, 0x0000000086b00000| Untracked 
|  76|0x0000000086c00000, 0x0000000086c00000, 0x0000000086d00000|  0%| F|  |TAMS 0x0000000086c00000, 0x0000000086c00000| Untracked 
|  77|0x0000000086d00000, 0x0000000086d00000, 0x0000000086e00000|  0%| F|  |TAMS 0x0000000086d00000, 0x0000000086d00000| Untracked 
|  78|0x0000000086e00000, 0x0000000086e00000, 0x0000000086f00000|  0%| F|  |TAMS 0x0000000086e00000, 0x0000000086e00000| Untracked 
|  79|0x0000000086f00000, 0x0000000086f00000, 0x0000000087000000|  0%| F|  |TAMS 0x0000000086f00000, 0x0000000086f00000| Untracked 
|  80|0x0000000087000000, 0x0000000087000000, 0x0000000087100000|  0%| F|  |TAMS 0x0000000087000000, 0x0000000087000000| Untracked 
|  81|0x0000000087100000, 0x0000000087100000, 0x0000000087200000|  0%| F|  |TAMS 0x0000000087100000, 0x0000000087100000| Untracked 
|  82|0x0000000087200000, 0x0000000087200000, 0x0000000087300000|  0%| F|  |TAMS 0x0000000087200000, 0x0000000087200000| Untracked 
|  83|0x0000000087300000, 0x0000000087300000, 0x0000000087400000|  0%| F|  |TAMS 0x0000000087300000, 0x0000000087300000| Untracked 
|  84|0x0000000087400000, 0x0000000087400000, 0x0000000087500000|  0%| F|  |TAMS 0x0000000087400000, 0x0000000087400000| Untracked 
|  85|0x0000000087500000, 0x0000000087500000, 0x0000000087600000|  0%| F|  |TAMS 0x0000000087500000, 0x0000000087500000| Untracked 
|  86|0x0000000087600000, 0x0000000087600000, 0x0000000087700000|  0%| F|  |TAMS 0x0000000087600000, 0x0000000087600000| Untracked 
|  87|0x0000000087700000, 0x0000000087700000, 0x0000000087800000|  0%| F|  |TAMS 0x0000000087700000, 0x0000000087700000| Untracked 
|  88|0x0000000087800000, 0x0000000087800000, 0x0000000087900000|  0%| F|  |TAMS 0x0000000087800000, 0x0000000087800000| Untracked 
|  89|0x0000000087900000, 0x0000000087900000, 0x0000000087a00000|  0%| F|  |TAMS 0x0000000087900000, 0x0000000087900000| Untracked 
|  90|0x0000000087a00000, 0x0000000087a00000, 0x0000000087b00000|  0%| F|  |TAMS 0x0000000087a00000, 0x0000000087a00000| Untracked 
|  91|0x0000000087b00000, 0x0000000087b00000, 0x0000000087c00000|  0%| F|  |TAMS 0x0000000087b00000, 0x0000000087b00000| Untracked 
|  92|0x0000000087c00000, 0x0000000087c00000, 0x0000000087d00000|  0%| F|  |TAMS 0x0000000087c00000, 0x0000000087c00000| Untracked 
|  93|0x0000000087d00000, 0x0000000087d00000, 0x0000000087e00000|  0%| F|  |TAMS 0x0000000087d00000, 0x0000000087d00000| Untracked 
|  94|0x0000000087e00000, 0x0000000087e00000, 0x0000000087f00000|  0%| F|  |TAMS 0x0000000087e00000, 0x0000000087e00000| Untracked 
|  95|0x0000000087f00000, 0x0000000087f00000, 0x0000000088000000|  0%| F|  |TAMS 0x0000000087f00000, 0x0000000087f00000| Untracked 
|  96|0x0000000088000000, 0x0000000088000000, 0x0000000088100000|  0%| F|  |TAMS 0x0000000088000000, 0x0000000088000000| Untracked 
|  97|0x0000000088100000, 0x0000000088100000, 0x0000000088200000|  0%| F|  |TAMS 0x0000000088100000, 0x0000000088100000| Untracked 
|  98|0x0000000088200000, 0x0000000088200000, 0x0000000088300000|  0%| F|  |TAMS 0x0000000088200000, 0x0000000088200000| Untracked 
|  99|0x0000000088300000, 0x0000000088300000, 0x0000000088400000|  0%| F|  |TAMS 0x0000000088300000, 0x0000000088300000| Untracked 
| 100|0x0000000088400000, 0x0000000088400000, 0x0000000088500000|  0%| F|  |TAMS 0x0000000088400000, 0x0000000088400000| Untracked 
| 101|0x0000000088500000, 0x0000000088500000, 0x0000000088600000|  0%| F|  |TAMS 0x0000000088500000, 0x0000000088500000| Untracked 
| 102|0x0000000088600000, 0x0000000088600000, 0x0000000088700000|  0%| F|  |TAMS 0x0000000088600000, 0x0000000088600000| Untracked 
| 103|0x0000000088700000, 0x0000000088700000, 0x0000000088800000|  0%| F|  |TAMS 0x0000000088700000, 0x0000000088700000| Untracked 
| 104|0x0000000088800000, 0x0000000088800000, 0x0000000088900000|  0%| F|  |TAMS 0x0000000088800000, 0x0000000088800000| Untracked 
| 105|0x0000000088900000, 0x0000000088900000, 0x0000000088a00000|  0%| F|  |TAMS 0x0000000088900000, 0x0000000088900000| Untracked 
| 106|0x0000000088a00000, 0x0000000088a00000, 0x0000000088b00000|  0%| F|  |TAMS 0x0000000088a00000, 0x0000000088a00000| Untracked 
| 107|0x0000000088b00000, 0x0000000088b00000, 0x0000000088c00000|  0%| F|  |TAMS 0x0000000088b00000, 0x0000000088b00000| Untracked 
| 108|0x0000000088c00000, 0x0000000088c00000, 0x0000000088d00000|  0%| F|  |TAMS 0x0000000088c00000, 0x0000000088c00000| Untracked 
| 109|0x0000000088d00000, 0x0000000088d00000, 0x0000000088e00000|  0%| F|  |TAMS 0x0000000088d00000, 0x0000000088d00000| Untracked 
| 110|0x0000000088e00000, 0x0000000088e00000, 0x0000000088f00000|  0%| F|  |TAMS 0x0000000088e00000, 0x0000000088e00000| Untracked 
| 111|0x0000000088f00000, 0x0000000088f00000, 0x0000000089000000|  0%| F|  |TAMS 0x0000000088f00000, 0x0000000088f00000| Untracked 
| 112|0x0000000089000000, 0x0000000089000000, 0x0000000089100000|  0%| F|  |TAMS 0x0000000089000000, 0x0000000089000000| Untracked 
| 113|0x0000000089100000, 0x0000000089100000, 0x0000000089200000|  0%| F|  |TAMS 0x0000000089100000, 0x0000000089100000| Untracked 
| 114|0x0000000089200000, 0x0000000089200000, 0x0000000089300000|  0%| F|  |TAMS 0x0000000089200000, 0x0000000089200000| Untracked 
| 115|0x0000000089300000, 0x0000000089300000, 0x0000000089400000|  0%| F|  |TAMS 0x0000000089300000, 0x0000000089300000| Untracked 
| 116|0x0000000089400000, 0x0000000089400000, 0x0000000089500000|  0%| F|  |TAMS 0x0000000089400000, 0x0000000089400000| Untracked 
| 117|0x0000000089500000, 0x0000000089500000, 0x0000000089600000|  0%| F|  |TAMS 0x0000000089500000, 0x0000000089500000| Untracked 
| 118|0x0000000089600000, 0x0000000089600000, 0x0000000089700000|  0%| F|  |TAMS 0x0000000089600000, 0x0000000089600000| Untracked 
| 119|0x0000000089700000, 0x0000000089700000, 0x0000000089800000|  0%| F|  |TAMS 0x0000000089700000, 0x0000000089700000| Untracked 
| 120|0x0000000089800000, 0x0000000089800000, 0x0000000089900000|  0%| F|  |TAMS 0x0000000089800000, 0x0000000089800000| Untracked 
| 121|0x0000000089900000, 0x0000000089900000, 0x0000000089a00000|  0%| F|  |TAMS 0x0000000089900000, 0x0000000089900000| Untracked 
| 122|0x0000000089a00000, 0x0000000089a00000, 0x0000000089b00000|  0%| F|  |TAMS 0x0000000089a00000, 0x0000000089a00000| Untracked 
| 123|0x0000000089b00000, 0x0000000089b00000, 0x0000000089c00000|  0%| F|  |TAMS 0x0000000089b00000, 0x0000000089b00000| Untracked 
| 124|0x0000000089c00000, 0x0000000089c00000, 0x0000000089d00000|  0%| F|  |TAMS 0x0000000089c00000, 0x0000000089c00000| Untracked 
| 125|0x0000000089d00000, 0x0000000089d1eb90, 0x0000000089e00000| 12%| E|  |TAMS 0x0000000089d00000, 0x0000000089d00000| Complete 

Card table byte_map: [0x000001d2c8b30000,0x000001d2c8f20000] _byte_map_base: 0x000001d2c8720000

Marking Bits (Prev, Next): (CMBitMap*) 0x000001d2b1924d70, (CMBitMap*) 0x000001d2b1924db0
 Prev Bits: [0x000001d2c9310000, 0x000001d2cb290000)
 Next Bits: [0x000001d2cb290000, 0x000001d2cd210000)

Polling page: 0x000001d2af930000

Metaspace:

Usage:
  Non-class:      4.00 MB capacity,    64 bytes ( <1%) used,     4.00 MB (>99%) free+waste,    64 bytes ( <1%) overhead. 
      Class:    384.00 KB capacity,     1.94 KB ( <1%) used,   382.00 KB (>99%) free+waste,    64 bytes ( <1%) overhead. 
       Both:      4.38 MB capacity,     2.00 KB ( <1%) used,     4.37 MB (>99%) free+waste,   128 bytes ( <1%) overhead. 

Virtual space:
  Non-class space:        8.00 MB reserved,       4.00 MB ( 50%) committed 
      Class space:        1.00 GB reserved,     384.00 KB ( <1%) committed 
             Both:        1.01 GB reserved,       4.38 MB ( <1%) committed 

Chunk freelists:
   Non-Class:  0 bytes
       Class:  0 bytes
        Both:  0 bytes

MaxMetaspaceSize: 17179869184.00 GB
CompressedClassSpaceSize: 1.00 GB

CodeHeap 'non-profiled nmethods': size=120064Kb used=0Kb max_used=0Kb free=120064Kb
 bounds [0x000001d2c15f0000, 0x000001d2c1860000, 0x000001d2c8b30000]
CodeHeap 'profiled nmethods': size=120000Kb used=0Kb max_used=0Kb free=120000Kb
 bounds [0x000001d2ba0c0000, 0x000001d2ba330000, 0x000001d2c15f0000]
CodeHeap 'non-nmethods': size=5696Kb used=436Kb max_used=436Kb free=5259Kb
 bounds [0x000001d2b9b30000, 0x000001d2b9da0000, 0x000001d2ba0c0000]
 total_blobs=140 nmethods=0 adapters=116
 compilation: enabled
              stopped_count=0, restarted_count=0
 full_count=0

Compilation events (0 events):
No events

GC Heap History (0 events):
No events

Deoptimization events (0 events):
No events

Classes unloaded (0 events):
No events

Classes redefined (0 events):
No events

Internal exceptions (0 events):
No events

Events (2 events):
Event: 0.037 Loaded shared library C:\Program Files\Java\jdk-15.0.1\bin\java.dll
Event: 0.375 Thread 0x000001d2b18e6d70 Thread added: 0x000001d2b18e6d70


Dynamic libraries:
0x00007ff77eb70000 - 0x00007ff77eb7f000 	C:\Program Files\Java\jdk-15.0.1\bin\javaw.exe
0x00007ff8d4400000 - 0x00007ff8d45c1000 	C:\Windows\SYSTEM32\ntdll.dll
0x00007ff8d4140000 - 0x00007ff8d41ed000 	C:\Windows\system32\KERNEL32.DLL
0x00007ff8d0ab0000 - 0x00007ff8d0c98000 	C:\Windows\system32\KERNELBASE.dll
0x00007ff8ca040000 - 0x00007ff8ca058000 	C:\Program Files\Java\jdk-15.0.1\bin\jli.dll
0x00007ff8d41f0000 - 0x00007ff8d4297000 	C:\Windows\system32\ADVAPI32.dll
0x00007ff8d1ad0000 - 0x00007ff8d1b6d000 	C:\Windows\system32\msvcrt.dll
0x00007ff8d1a70000 - 0x00007ff8d1acb000 	C:\Windows\system32\sechost.dll
0x00007ff8d1fa0000 - 0x00007ff8d20bc000 	C:\Windows\system32\RPCRT4.dll
0x00007ff8d3c20000 - 0x00007ff8d3d76000 	C:\Windows\system32\USER32.dll
0x00007ff8d1870000 - 0x00007ff8d19f6000 	C:\Windows\system32\GDI32.dll
0x00007ff8caa40000 - 0x00007ff8caa59000 	C:\Program Files\Java\jdk-15.0.1\bin\VCRUNTIME140.dll
0x00007ff8cfb80000 - 0x00007ff8cfc74000 	C:\Windows\SYSTEM32\ucrtbase.dll
0x00007ff8c3330000 - 0x00007ff8c35a4000 	C:\Windows\WinSxS\amd64_microsoft.windows.common-controls_6595b64144ccf1df_6.0.10586.494_none_a2d8b04ea53e3145\COMCTL32.dll
0x00007ff8d2170000 - 0x00007ff8d23ed000 	C:\Windows\system32\combase.dll
0x00007ff8d15a0000 - 0x00007ff8d160a000 	C:\Windows\system32\bcryptPrimitives.dll
0x00007ff8cdd50000 - 0x00007ff8cdd5a000 	C:\Windows\SYSTEM32\VERSION.dll
0x00007ff8d3be0000 - 0x00007ff8d3c1b000 	C:\Windows\system32\IMM32.DLL
0x00007ff8cdc70000 - 0x00007ff8cdc7c000 	C:\Program Files\Java\jdk-15.0.1\bin\vcruntime140_1.dll
0x00007ff8c9220000 - 0x00007ff8c92b1000 	C:\Program Files\Java\jdk-15.0.1\bin\msvcp140.dll
0x00007ff8a9250000 - 0x00007ff8a9dae000 	C:\Program Files\Java\jdk-15.0.1\bin\server\jvm.dll
0x00007ff8d4070000 - 0x00007ff8d4078000 	C:\Windows\system32\PSAPI.DLL
0x00007ff8c3300000 - 0x00007ff8c3309000 	C:\Windows\SYSTEM32\WSOCK32.dll
0x00007ff8d1a00000 - 0x00007ff8d1a6b000 	C:\Windows\system32\WS2_32.dll
0x00007ff8ce4b0000 - 0x00007ff8ce4d3000 	C:\Windows\SYSTEM32\WINMM.dll
0x00007ff8ce410000 - 0x00007ff8ce43c000 	C:\Windows\SYSTEM32\WINMMBASE.dll
0x00007ff8d17b0000 - 0x00007ff8d17f3000 	C:\Windows\system32\cfgmgr32.dll
0x00007ff8d0aa0000 - 0x00007ff8d0aaf000 	C:\Windows\system32\kernel.appcore.dll
0x00007ff8cb170000 - 0x00007ff8cb17a000 	C:\Program Files\Java\jdk-15.0.1\bin\jimage.dll
0x00007ff8bbec0000 - 0x00007ff8bc04c000 	C:\Windows\SYSTEM32\DBGHELP.DLL
0x00007ff8a9180000 - 0x00007ff8a91a5000 	C:\Windows\SYSTEM32\dbgcore.DLL
0x00007ff8c7780000 - 0x00007ff8c77b9000 	C:\Program Files\Java\jdk-15.0.1\bin\jdwp.dll
0x00007ff8ca9d0000 - 0x00007ff8ca9de000 	C:\Program Files\Java\jdk-15.0.1\bin\instrument.dll
0x00007ff8c9130000 - 0x00007ff8c9155000 	C:\Program Files\Java\jdk-15.0.1\bin\java.dll

dbghelp: loaded successfully - version: 4.0.5 - missing functions: none
symbol engine: initialized successfully - sym options: 0x614 - pdb path: .;C:\Program Files\Java\jdk-15.0.1\bin;C:\Windows\SYSTEM32;C:\Windows\WinSxS\amd64_microsoft.windows.common-controls_6595b64144ccf1df_6.0.10586.494_none_a2d8b04ea53e3145;C:\Program Files\Java\jdk-15.0.1\bin\server

VM Arguments:
jvm_args: -XX:+ShowCodeDetailsInExceptionMessages -agentlib:jdwp=transport=dt_socket,suspend=y,address=localhost:51691 -javaagent:C:\Users\yogesh\eclipse\java-2020-09\eclipse\configuration\org.eclipse.osgi\215\0\.cp\lib\javaagent-shaded.jar -Dfile.encoding=Cp1252 
java_command: Arithmatic.Multiply_WithoutMultiplication
java_class_path (initial): C:\Users\yogesh\eclipse-workspace\Logical program\bin
Launcher Type: SUN_STANDARD

[Global flags]
     intx CICompilerCount                          = 2                                         {product} {ergonomic}
     uint ConcGCThreads                            = 1                                         {product} {ergonomic}
     uint G1ConcRefinementThreads                  = 2                                         {product} {ergonomic}
   size_t G1HeapRegionSize                         = 1048576                                   {product} {ergonomic}
    uintx GCDrainStackTargetSize                   = 64                                        {product} {ergonomic}
   size_t InitialHeapSize                          = 132120576                                 {product} {ergonomic}
   size_t MarkStackSize                            = 4194304                                   {product} {ergonomic}
   size_t MaxHeapSize                              = 2113929216                                {product} {ergonomic}
   size_t MaxNewSize                               = 1267728384                                {product} {ergonomic}
   size_t MinHeapDeltaBytes                        = 1048576                                   {product} {ergonomic}
   size_t MinHeapSize                              = 8388608                                   {product} {ergonomic}
    uintx NonNMethodCodeHeapSize                   = 5826188                                {pd product} {ergonomic}
    uintx NonProfiledCodeHeapSize                  = 122916026                              {pd product} {ergonomic}
    uintx ProfiledCodeHeapSize                     = 122916026                              {pd product} {ergonomic}
    uintx ReservedCodeCacheSize                    = 251658240                              {pd product} {ergonomic}
     bool SegmentedCodeCache                       = true                                      {product} {ergonomic}
     bool ShowCodeDetailsInExceptionMessages       = true                                   {manageable} {command line}
   size_t SoftMaxHeapSize                          = 2113929216                             {manageable} {ergonomic}
     bool UseCompressedClassPointers               = true                                 {lp64_product} {ergonomic}
     bool UseCompressedOops                        = true                                 {lp64_product} {ergonomic}
     bool UseG1GC                                  = true                                      {product} {ergonomic}
     bool UseLargePagesIndividualAllocation        = false                                  {pd product} {ergonomic}

Logging:
Log output configuration:
 #0: stdout all=warning uptime,level,tags
 #1: stderr all=off uptime,level,tags

Environment Variables:
PATH=C:\Program Files\Common Files\Oracle\Java\javapath;C:\Program Files\Microsoft MPI\Bin\;C:\Windows\system32;C:\Windows;C:\Windows\System32\Wbem;C:\Windows\System32\WindowsPowerShell\v1.0\;C:\Android;C:\Windows\System32;C:\Program Files (x86)\Microsoft SQL Server\150\Tools\Binn\;C:\Program Files\Microsoft SQL Server\150\Tools\Binn\;C:\Program Files (x86)\Microsoft SQL Server\150\DTS\Binn\;C:\Program Files\Microsoft SQL Server\150\DTS\Binn\;C:\Program Files\Microsoft SQL Server\Client SDK\ODBC\170\Tools\Binn\;C:\Program Files\Microsoft SQL Server\Client SDK\ODBC\110\Tools\Binn\;C:\Program Files (x86)\Microsoft SQL Server\120\Tools\Binn\;C:\Program Files\Microsoft SQL Server\120\Tools\Binn\;C:\Program Files\Microsoft SQL Server\120\DTS\Binn\;C:\Program Files (x86)\Microsoft SQL Server\Client SDK\ODBC\130\Tools\Binn\;C:\Program Files (x86)\Microsoft SQL Server\130\Tools\Binn\;C:\Program Files (x86)\Microsoft SQL Server\130\DTS\Binn\;C:\Program Files (x86)\Microsoft SQL Server\130\Tools\Binn\ManagementStudio\
USERNAME=yogesh
OS=Windows_NT
PROCESSOR_IDENTIFIER=Intel64 Family 6 Model 23 Stepping 10, GenuineIntel



---------------  S Y S T E M  ---------------

OS:
 Windows 10 , 64 bit Build 10586 (10.0.10586.0)
OS uptime: 7 days 21:25 hours

CPU: total 2 (initial active 2) (2 cores per cpu, 1 threads per core) family 6 model 23 stepping 10 microcode 0xa0c, cmov, cx8, fxsr, mmx, sse, sse2, sse3, ssse3, sse4.1, tsc, clflush

Memory: 4k page, system-wide physical 8061M (4139M free)
TotalPageFile size 24351M (AvailPageFile size 7M)
current process WorkingSet (physical memory assigned to process): 15M, peak: 15M
current process commit charge ("private bytes"): 196M, peak: 196M

vm_info: Java HotSpot(TM) 64-Bit Server VM (15.0.1+9-18) for windows-amd64 JRE (15.0.1+9-18), built on Sep 15 2020 14:43:54 by "mach5one" with unknown MS VC++:1925

END.
