#
# There is insufficient memory for the Java Runtime Environment to continue.
# Native memory allocation (mmap) failed to map 132120576 bytes for G1 virtual space
# Possible reasons:
#   The system is out of physical RAM or swap space
#   The process is running with CompressedOops enabled, and the Java Heap may be blocking the growth of the native heap
# Possible solutions:
#   Reduce memory load on the system
#   Increase physical memory or swap space
#   Check if swap backing store is full
#   Decrease Java heap size (-Xmx/-Xms)
#   Decrease number of Java threads
#   Decrease Java thread stack sizes (-Xss)
#   Set larger code cache with -XX:ReservedCodeCacheSize=
#   JVM is running with Unscaled Compressed Oops mode in which the Java heap is
#     placed in the first 4GB address space. The Java Heap base address is the
#     maximum limit for the native heap growth. Please use -XX:HeapBaseMinAddress
#     to set the Java Heap base and to place the Java Heap above 4GB virtual address.
# This output file may be truncated or incomplete.
#
#  Out of Memory Error (./open/src/hotspot/os/windows/os_windows.cpp:3472), pid=13408, tid=20904
#
# JRE version:  (15.0.1+9) (build )
# Java VM: Java HotSpot(TM) 64-Bit Server VM (15.0.1+9-18, mixed mode, sharing, tiered, compressed oops, g1 gc, windows-amd64)
# No core dump will be written. Minidumps are not enabled by default on client versions of Windows
#

---------------  S U M M A R Y ------------

Command Line: -XX:+ShowCodeDetailsInExceptionMessages -agentlib:jdwp=transport=dt_socket,suspend=y,address=localhost:51645 -javaagent:C:\Users\yogesh\eclipse\java-2020-09\eclipse\configuration\org.eclipse.osgi\215\0\.cp\lib\javaagent-shaded.jar -Dfile.encoding=Cp1252 Arithmatic.Multiply_WithoutMultiplication

Host: Intel(R) Core(TM)2 Duo CPU     E7600  @ 3.06GHz, 2 cores, 7G,  Windows 10 , 64 bit Build 10586 (10.0.10586.0)
Time: Thu Apr  8 17:44:05 2021 India Standard Time elapsed time: 0.189005 seconds (0d 0h 0m 0s)

---------------  T H R E A D  ---------------

Current thread (0x000002600e556d70):  JavaThread "Unknown thread" [_thread_in_vm, id=20904, stack(0x000000b0ce600000,0x000000b0ce700000)]

Stack: [0x000000b0ce600000,0x000000b0ce700000]
Native frames: (J=compiled Java code, j=interpreted, Vv=VM code, C=native code)
V  [jvm.dll+0x62ae9a]
V  [jvm.dll+0x781389]
V  [jvm.dll+0x782ae3]
V  [jvm.dll+0x783143]
V  [jvm.dll+0x216265]
V  [jvm.dll+0x6281d9]
V  [jvm.dll+0x61cd15]
V  [jvm.dll+0x2d01fd]
V  [jvm.dll+0x2d0062]
V  [jvm.dll+0x2d603c]
V  [jvm.dll+0x325b2a]
V  [jvm.dll+0x3251f4]
V  [jvm.dll+0x2a717a]
V  [jvm.dll+0x2a8318]
V  [jvm.dll+0x75e101]
V  [jvm.dll+0x3343e4]
V  [jvm.dll+0x73e826]
V  [jvm.dll+0x3b7777]
V  [jvm.dll+0x3b9201]
C  [jli.dll+0x52fb]
C  [ucrtbase.dll+0x6be1d]
C  [KERNEL32.DLL+0x18102]
C  [ntdll.dll+0x5c5b4]


---------------  P R O C E S S  ---------------

Threads class SMR info:
_java_thread_list=0x00007ff8a9d14ff0, length=0, elements={
}

Java Threads: ( => current thread )

Other Threads:
  0x000002600e5935e0 GCTaskThread "GC Thread#0" [stack: 0x000000b0ce800000,0x000000b0ce900000] [id=21080]
  0x000002600e5a53d0 ConcurrentGCThread "G1 Main Marker" [stack: 0x000000b0ce900000,0x000000b0cea00000] [id=21156]
  0x000002600e5a5f50 ConcurrentGCThread "G1 Conc#0" [stack: 0x000000b0cea00000,0x000000b0ceb00000] [id=21160]

[error occurred during error reporting (printing all threads), id 0xc0000005, EXCEPTION_ACCESS_VIOLATION (0xc0000005) at pc=0x00007ff8a9508047]

VM state: not at safepoint (not fully initialized)

VM Mutex/Monitor currently owned by a thread:  ([mutex/lock_event])
[0x000002600e552e80] Heap_lock - owner thread: 0x000002600e556d70

Heap address: 0x0000000082000000, size: 2016 MB, Compressed Oops mode: 32-bit
CDS archive(s) mapped at: [0x0000000000000000-0x0000000000000000-0x0000000000000000), size 0, SharedBaseAddress: 0x0000000800000000, ArchiveRelocationMode: 0.
Narrow klass base: 0x0000000000000000, Narrow klass shift: 0, Narrow klass range: 0x0

Heap:
 garbage-first heap   total 129024K, used 0K [0x0000000082000000, 0x0000000100000000)
  region size 1024K, 0 young (0K), 0 survivors (0K)
 Metaspace       used 0K, capacity 0K, committed 0K, reserved 0K
  class space    used 0K, capacity 0K, committed 0K, reserved 0K

Heap Regions: E=young(eden), S=young(survivor), O=old, HS=humongous(starts), HC=humongous(continues), CS=collection set, F=free, OA=open archive, CA=closed archive, TAMS=top-at-mark-start (previous, next)

Card table byte_map: [0x0000026025b90000,0x0000026025f80000] _byte_map_base: 0x0000026025780000

Marking Bits (Prev, Next): (CMBitMap*) 0x000002600e594d70, (CMBitMap*) 0x000002600e594db0
 Prev Bits: [0x0000026026370000, 0x00000260282f0000)
 Next Bits: [0x00000260282f0000, 0x000002602a270000)

GC Heap History (0 events):
No events

Deoptimization events (0 events):
No events

Classes unloaded (0 events):
No events

Classes redefined (0 events):
No events

Internal exceptions (0 events):
No events

Events (1 events):
Event: 0.007 Loaded shared library C:\Program Files\Java\jdk-15.0.1\bin\java.dll


Dynamic libraries:
0x00007ff77eb70000 - 0x00007ff77eb7f000 	C:\Program Files\Java\jdk-15.0.1\bin\javaw.exe
0x00007ff8d4400000 - 0x00007ff8d45c1000 	C:\Windows\SYSTEM32\ntdll.dll
0x00007ff8d4140000 - 0x00007ff8d41ed000 	C:\Windows\system32\KERNEL32.DLL
0x00007ff8d0ab0000 - 0x00007ff8d0c98000 	C:\Windows\system32\KERNELBASE.dll
0x00007ff8ca040000 - 0x00007ff8ca058000 	C:\Program Files\Java\jdk-15.0.1\bin\jli.dll
0x00007ff8d41f0000 - 0x00007ff8d4297000 	C:\Windows\system32\ADVAPI32.dll
0x00007ff8d1ad0000 - 0x00007ff8d1b6d000 	C:\Windows\system32\msvcrt.dll
0x00007ff8d1a70000 - 0x00007ff8d1acb000 	C:\Windows\system32\sechost.dll
0x00007ff8d1fa0000 - 0x00007ff8d20bc000 	C:\Windows\system32\RPCRT4.dll
0x00007ff8d3c20000 - 0x00007ff8d3d76000 	C:\Windows\system32\USER32.dll
0x00007ff8d1870000 - 0x00007ff8d19f6000 	C:\Windows\system32\GDI32.dll
0x00007ff8caa40000 - 0x00007ff8caa59000 	C:\Program Files\Java\jdk-15.0.1\bin\VCRUNTIME140.dll
0x00007ff8cfb80000 - 0x00007ff8cfc74000 	C:\Windows\SYSTEM32\ucrtbase.dll
0x00007ff8c3330000 - 0x00007ff8c35a4000 	C:\Windows\WinSxS\amd64_microsoft.windows.common-controls_6595b64144ccf1df_6.0.10586.494_none_a2d8b04ea53e3145\COMCTL32.dll
0x00007ff8d2170000 - 0x00007ff8d23ed000 	C:\Windows\system32\combase.dll
0x00007ff8d15a0000 - 0x00007ff8d160a000 	C:\Windows\system32\bcryptPrimitives.dll
0x00007ff8cdd50000 - 0x00007ff8cdd5a000 	C:\Windows\SYSTEM32\VERSION.dll
0x00007ff8d3be0000 - 0x00007ff8d3c1b000 	C:\Windows\system32\IMM32.DLL
0x00007ff8cdc70000 - 0x00007ff8cdc7c000 	C:\Program Files\Java\jdk-15.0.1\bin\vcruntime140_1.dll
0x00007ff8c9220000 - 0x00007ff8c92b1000 	C:\Program Files\Java\jdk-15.0.1\bin\msvcp140.dll
0x00007ff8a9250000 - 0x00007ff8a9dae000 	C:\Program Files\Java\jdk-15.0.1\bin\server\jvm.dll
0x00007ff8d4070000 - 0x00007ff8d4078000 	C:\Windows\system32\PSAPI.DLL
0x00007ff8c3300000 - 0x00007ff8c3309000 	C:\Windows\SYSTEM32\WSOCK32.dll
0x00007ff8d1a00000 - 0x00007ff8d1a6b000 	C:\Windows\system32\WS2_32.dll
0x00007ff8ce4b0000 - 0x00007ff8ce4d3000 	C:\Windows\SYSTEM32\WINMM.dll
0x00007ff8ce410000 - 0x00007ff8ce43c000 	C:\Windows\SYSTEM32\WINMMBASE.dll
0x00007ff8d17b0000 - 0x00007ff8d17f3000 	C:\Windows\system32\cfgmgr32.dll
0x00007ff8d0aa0000 - 0x00007ff8d0aaf000 	C:\Windows\system32\kernel.appcore.dll
0x00007ff8cb170000 - 0x00007ff8cb17a000 	C:\Program Files\Java\jdk-15.0.1\bin\jimage.dll
0x00007ff8bbec0000 - 0x00007ff8bc04c000 	C:\Windows\SYSTEM32\DBGHELP.DLL
0x00007ff8a9180000 - 0x00007ff8a91a5000 	C:\Windows\SYSTEM32\dbgcore.DLL
0x00007ff8c7780000 - 0x00007ff8c77b9000 	C:\Program Files\Java\jdk-15.0.1\bin\jdwp.dll
0x00007ff8ca9d0000 - 0x00007ff8ca9de000 	C:\Program Files\Java\jdk-15.0.1\bin\instrument.dll
0x00007ff8c9130000 - 0x00007ff8c9155000 	C:\Program Files\Java\jdk-15.0.1\bin\java.dll

dbghelp: loaded successfully - version: 4.0.5 - missing functions: none
symbol engine: initialized successfully - sym options: 0x614 - pdb path: .;C:\Program Files\Java\jdk-15.0.1\bin;C:\Windows\SYSTEM32;C:\Windows\WinSxS\amd64_microsoft.windows.common-controls_6595b64144ccf1df_6.0.10586.494_none_a2d8b04ea53e3145;C:\Program Files\Java\jdk-15.0.1\bin\server

VM Arguments:
jvm_args: -XX:+ShowCodeDetailsInExceptionMessages -agentlib:jdwp=transport=dt_socket,suspend=y,address=localhost:51645 -javaagent:C:\Users\yogesh\eclipse\java-2020-09\eclipse\configuration\org.eclipse.osgi\215\0\.cp\lib\javaagent-shaded.jar -Dfile.encoding=Cp1252 
java_command: Arithmatic.Multiply_WithoutMultiplication
java_class_path (initial): C:\Users\yogesh\eclipse-workspace\Logical program\bin
Launcher Type: SUN_STANDARD

[Global flags]
     intx CICompilerCount                          = 2                                         {product} {ergonomic}
     uint ConcGCThreads                            = 1                                         {product} {ergonomic}
     uint G1ConcRefinementThreads                  = 2                                         {product} {ergonomic}
   size_t G1HeapRegionSize                         = 1048576                                   {product} {ergonomic}
    uintx GCDrainStackTargetSize                   = 64                                        {product} {ergonomic}
   size_t InitialHeapSize                          = 132120576                                 {product} {ergonomic}
   size_t MarkStackSize                            = 4194304                                   {product} {ergonomic}
   size_t MaxHeapSize                              = 2113929216                                {product} {ergonomic}
   size_t MinHeapDeltaBytes                        = 1048576                                   {product} {ergonomic}
   size_t MinHeapSize                              = 8388608                                   {product} {ergonomic}
    uintx NonNMethodCodeHeapSize                   = 5826188                                {pd product} {ergonomic}
    uintx NonProfiledCodeHeapSize                  = 122916026                              {pd product} {ergonomic}
    uintx ProfiledCodeHeapSize                     = 122916026                              {pd product} {ergonomic}
    uintx ReservedCodeCacheSize                    = 251658240                              {pd product} {ergonomic}
     bool SegmentedCodeCache                       = true                                      {product} {ergonomic}
     bool ShowCodeDetailsInExceptionMessages       = true                                   {manageable} {command line}
   size_t SoftMaxHeapSize                          = 2113929216                             {manageable} {ergonomic}
     bool UseCompressedClassPointers               = true                                 {lp64_product} {ergonomic}
     bool UseCompressedOops                        = true                                 {lp64_product} {ergonomic}
     bool UseG1GC                                  = true                                      {product} {ergonomic}
     bool UseLargePagesIndividualAllocation        = false                                  {pd product} {ergonomic}

Logging:
Log output configuration:
 #0: stdout all=warning uptime,level,tags
 #1: stderr all=off uptime,level,tags

Environment Variables:
PATH=C:\Program Files\Common Files\Oracle\Java\javapath;C:\Program Files\Microsoft MPI\Bin\;C:\Windows\system32;C:\Windows;C:\Windows\System32\Wbem;C:\Windows\System32\WindowsPowerShell\v1.0\;C:\Android;C:\Windows\System32;C:\Program Files (x86)\Microsoft SQL Server\150\Tools\Binn\;C:\Program Files\Microsoft SQL Server\150\Tools\Binn\;C:\Program Files (x86)\Microsoft SQL Server\150\DTS\Binn\;C:\Program Files\Microsoft SQL Server\150\DTS\Binn\;C:\Program Files\Microsoft SQL Server\Client SDK\ODBC\170\Tools\Binn\;C:\Program Files\Microsoft SQL Server\Client SDK\ODBC\110\Tools\Binn\;C:\Program Files (x86)\Microsoft SQL Server\120\Tools\Binn\;C:\Program Files\Microsoft SQL Server\120\Tools\Binn\;C:\Program Files\Microsoft SQL Server\120\DTS\Binn\;C:\Program Files (x86)\Microsoft SQL Server\Client SDK\ODBC\130\Tools\Binn\;C:\Program Files (x86)\Microsoft SQL Server\130\Tools\Binn\;C:\Program Files (x86)\Microsoft SQL Server\130\DTS\Binn\;C:\Program Files (x86)\Microsoft SQL Server\130\Tools\Binn\ManagementStudio\
USERNAME=yogesh
OS=Windows_NT
PROCESSOR_IDENTIFIER=Intel64 Family 6 Model 23 Stepping 10, GenuineIntel



---------------  S Y S T E M  ---------------

OS:
 Windows 10 , 64 bit Build 10586 (10.0.10586.0)
OS uptime: 7 days 21:25 hours

CPU: total 2 (initial active 2) (2 cores per cpu, 1 threads per core) family 6 model 23 stepping 10 microcode 0xa0c, cmov, cx8, fxsr, mmx, sse, sse2, sse3, ssse3, sse4.1, tsc, clflush

Memory: 4k page, system-wide physical 8061M (4153M free)
TotalPageFile size 24351M (AvailPageFile size 37M)
current process WorkingSet (physical memory assigned to process): 9M, peak: 9M
current process commit charge ("private bytes"): 47M, peak: 173M

vm_info: Java HotSpot(TM) 64-Bit Server VM (15.0.1+9-18) for windows-amd64 JRE (15.0.1+9-18), built on Sep 15 2020 14:43:54 by "mach5one" with unknown MS VC++:1925

END.
