#
# A fatal error has been detected by the Java Runtime Environment:
#
#  EXCEPTION_ACCESS_VIOLATION (0xc0000005) at pc=0x00007ff8cb171c1d, pid=21300, tid=21400
#
# JRE version:  (15.0.1+9) (build )
# Java VM: Java HotSpot(TM) 64-Bit Server VM (15.0.1+9-18, mixed mode, sharing, tiered, unknown gc, windows-amd64)
# Problematic frame:
# C  [jimage.dll+0x1c1d]
#
# No core dump will be written. Minidumps are not enabled by default on client versions of Windows
#
#

---------------  S U M M A R Y ------------

Command Line: 

Host: Intel(R) Core(TM)2 Duo CPU     E7600  @ 3.06GHz, 2 cores, 7G,  Windows 10 , 64 bit Build 10586 (10.0.10586.0)
Time: Thu Apr  8 17:44:04 2021 India Standard Time elapsed time: 0.160280 seconds (0d 0h 0m 0s)

---------------  T H R E A D  ---------------

Current thread is native thread

Stack: [0x00000032d6000000,0x00000032d6100000],  sp=0x00000032d60fe1d0,  free space=1016k
Native frames: (J=compiled Java code, j=interpreted, Vv=VM code, C=native code)
C  [jimage.dll+0x1c1d]
C  [jimage.dll+0x1dab]
C  [jimage.dll+0x2689]
V  [jvm.dll+0x1c5de7]
V  [jvm.dll+0x9c858]
V  [jvm.dll+0x73e39d]
V  [jvm.dll+0x3b7777]
V  [jvm.dll+0x3b9201]
C  [jli.dll+0x52fb]
C  [ucrtbase.dll+0x6be1d]
C  [KERNEL32.DLL+0x18102]
C  [ntdll.dll+0x5c5b4]


siginfo: EXCEPTION_ACCESS_VIOLATION (0xc0000005), reading address 0x000000000001c55c


Registers:
RAX=0x0000000000007150, RBX=0x00000032d60fe2c1, RCX=0x00007ff8cb176000, RDX=0x0000000000007150
RSP=0x00000032d60fe1d0, RBP=0x00000032d60fe2c0, RSI=0x0000000000007e57, RDI=0x00000032d60fe2c0
R8 =0x00007ff8cb174298, R9 =0x000000000000001c, R10=0x00007ff8a9abc600, R11=0x00007ff8cb176000
R12=0x0000000000000000, R13=0x0000019bf8686b70, R14=0x00000032d60ff330, R15=0x00007ff8a9abc600
RIP=0x00007ff8cb171c1d, EFLAGS=0x0000000000010246

Top of Stack: (sp=0x00000032d60fe1d0)
0x00000032d60fe1d0:   00007ff8bbf9ca10 00007ff8a9180000
0x00000032d60fe1e0:   00007d5f185f765e 0000000000000000
0x00000032d60fe1f0:   0000019bf8685ac0 00007ff8cb171dab
0x00000032d60fe200:   000000000000000b 0000019bf8685ac0
0x00000032d60fe210:   00007ff8bbf9ca10 00007ff8a9180000
0x00000032d60fe220:   ffffffffffffffff 0000019bf9f900d0
0x00000032d60fe230:   0000000000025000 00007ff8bbf9ca88
0x00000032d60fe240:   0000000000000000 00007ff8d446ccd0
0x00000032d60fe250:   00007ff8d4489c00 0000019bf9f924b0
0x00000032d60fe260:   000079b16f493152 0000000000000000
0x00000032d60fe270:   00007ff8a9a99198 0000000000000017
0x00000032d60fe280:   0000019bf8685ac0 00000032d60ff330
0x00000032d60fe290:   000000000000000b 00007ff8cb172689
0x00000032d60fe2a0:   005c00320033004d 0063006700620064
0x00000032d60fe2b0:   002e00650072006f 0000004c004c0044
0x00000032d60fe2c0:   61622e6176616a2f 692f6b646a2f6573 

Instructions: (pc=0x00007ff8cb171c1d)
0x00007ff8cb171b1d:   d2 44 8d 42 40 e9 35 20 00 00 cc 40 53 48 83 ec
0x00007ff8cb171b2d:   20 48 8b d9 48 8b 49 48 48 85 c9 74 1d 80 3d cf
0x00007ff8cb171b3d:   44 00 00 00 74 06 48 8b 53 18 eb 04 48 8b 53 40
0x00007ff8cb171b4d:   e8 96 0e 00 00 48 83 63 48 00 8b 4b 0c 83 f9 ff
0x00007ff8cb171b5d:   74 09 e8 cc 0c 00 00 83 4b 0c ff 48 83 c4 20 5b
0x00007ff8cb171b6d:   c3 cc cc 40 53 48 83 ec 20 48 8b d9 48 8d 0d b0
0x00007ff8cb171b7d:   46 00 00 e8 b3 0c 00 00 83 6b 08 01 75 24 48 8b
0x00007ff8cb171b8d:   d3 48 8d 0d 83 44 00 00 e8 22 08 00 00 48 8b cb
0x00007ff8cb171b9d:   e8 aa fe ff ff ba 78 00 00 00 48 8b cb e8 b1 0e
0x00007ff8cb171bad:   00 00 48 8d 0d 7a 46 00 00 48 83 c4 20 5b e9 80
0x00007ff8cb171bbd:   0c 00 00 48 89 5c 24 08 48 89 74 24 10 57 48 83
0x00007ff8cb171bcd:   ec 20 41 8b f1 4d 8b c8 48 8b fa 4c 8b d9 4d 85
0x00007ff8cb171bdd:   c0 74 78 85 f6 74 74 44 8a 12 48 8d 5a 01 48 8b
0x00007ff8cb171bed:   d3 b8 93 01 00 01 eb 12 69 c0 93 01 00 01 41 0f
0x00007ff8cb171bfd:   b6 ca 44 8a 12 33 c1 48 ff c2 45 84 d2 75 e9 4d
0x00007ff8cb171c0d:   8b 03 0f ba f0 1f 33 d2 49 8b cb f7 f6 48 63 c2
0x00007ff8cb171c1d:   41 8b 14 81 41 ff 50 08 85 c0 7e 24 8a 0f eb 10
0x00007ff8cb171c2d:   69 c0 93 01 00 01 0f b6 c9 33 c1 8a 0b 48 ff c3
0x00007ff8cb171c3d:   84 c9 75 ec 0f ba f0 1f 33 d2 f7 f6 8b c2 eb 0e
0x00007ff8cb171c4d:   79 09 83 c9 ff 2b c8 8b c1 eb 03 83 c8 ff 48 8b
0x00007ff8cb171c5d:   5c 24 30 48 8b 74 24 38 48 83 c4 20 5f c3 cc 48
0x00007ff8cb171c6d:   89 5c 24 08 48 89 74 24 10 57 48 83 ec 20 48 8b
0x00007ff8cb171c7d:   f1 48 8d 0d ab 45 00 00 e8 ae 0b 00 00 33 ff 39
0x00007ff8cb171c8d:   3d 86 43 00 00 76 24 48 8b 05 85 43 00 00 48 8b
0x00007ff8cb171c9d:   d6 48 8b 1c f8 48 8b 0b e8 d6 1e 00 00 85 c0 74
0x00007ff8cb171cad:   2b ff c7 3b 3d 62 43 00 00 72 dc 33 db 48 8d 0d
0x00007ff8cb171cbd:   6f 45 00 00 e8 7a 0b 00 00 48 8b 74 24 38 48 8b
0x00007ff8cb171ccd:   c3 48 8b 5c 24 30 48 83 c4 20 5f c3 ff 43 08 eb
0x00007ff8cb171cdd:   dc cc cc 48 89 5c 24 08 48 89 74 24 10 57 48 83
0x00007ff8cb171ced:   ec 20 48 8b d9 48 8b f2 48 8b 49 10 49 8b f8 8b
0x00007ff8cb171cfd:   53 30 48 8b 01 ff 50 20 4c 8b 43 50 48 8b d6 48
0x00007ff8cb171d0d:   8b 4b 10 44 8b c8 e8 a8 fe ff ff 83 f8 ff 74 38 



---------------  P R O C E S S  ---------------

VM state: not at safepoint (not fully initialized)

VM Mutex/Monitor currently owned by a thread: None


Dynamic libraries:
0x00007ff77eb70000 - 0x00007ff77eb7f000 	C:\Program Files\Java\jdk-15.0.1\bin\javaw.exe
0x00007ff8d4400000 - 0x00007ff8d45c1000 	C:\Windows\SYSTEM32\ntdll.dll
0x00007ff8d4140000 - 0x00007ff8d41ed000 	C:\Windows\system32\KERNEL32.DLL
0x00007ff8d0ab0000 - 0x00007ff8d0c98000 	C:\Windows\system32\KERNELBASE.dll
0x00007ff8ca040000 - 0x00007ff8ca058000 	C:\Program Files\Java\jdk-15.0.1\bin\jli.dll
0x00007ff8d41f0000 - 0x00007ff8d4297000 	C:\Windows\system32\ADVAPI32.dll
0x00007ff8d1ad0000 - 0x00007ff8d1b6d000 	C:\Windows\system32\msvcrt.dll
0x00007ff8d1a70000 - 0x00007ff8d1acb000 	C:\Windows\system32\sechost.dll
0x00007ff8d1fa0000 - 0x00007ff8d20bc000 	C:\Windows\system32\RPCRT4.dll
0x00007ff8d3c20000 - 0x00007ff8d3d76000 	C:\Windows\system32\USER32.dll
0x00007ff8d1870000 - 0x00007ff8d19f6000 	C:\Windows\system32\GDI32.dll
0x00007ff8caa40000 - 0x00007ff8caa59000 	C:\Program Files\Java\jdk-15.0.1\bin\VCRUNTIME140.dll
0x00007ff8cfb80000 - 0x00007ff8cfc74000 	C:\Windows\SYSTEM32\ucrtbase.dll
0x00007ff8c3330000 - 0x00007ff8c35a4000 	C:\Windows\WinSxS\amd64_microsoft.windows.common-controls_6595b64144ccf1df_6.0.10586.494_none_a2d8b04ea53e3145\COMCTL32.dll
0x00007ff8d2170000 - 0x00007ff8d23ed000 	C:\Windows\system32\combase.dll
0x00007ff8d15a0000 - 0x00007ff8d160a000 	C:\Windows\system32\bcryptPrimitives.dll
0x00007ff8cdd50000 - 0x00007ff8cdd5a000 	C:\Windows\SYSTEM32\VERSION.dll
0x00007ff8d3be0000 - 0x00007ff8d3c1b000 	C:\Windows\system32\IMM32.DLL
0x00007ff8cdc70000 - 0x00007ff8cdc7c000 	C:\Program Files\Java\jdk-15.0.1\bin\vcruntime140_1.dll
0x00007ff8c9220000 - 0x00007ff8c92b1000 	C:\Program Files\Java\jdk-15.0.1\bin\msvcp140.dll
0x00007ff8a9250000 - 0x00007ff8a9dae000 	C:\Program Files\Java\jdk-15.0.1\bin\server\jvm.dll
0x00007ff8d4070000 - 0x00007ff8d4078000 	C:\Windows\system32\PSAPI.DLL
0x00007ff8c3300000 - 0x00007ff8c3309000 	C:\Windows\SYSTEM32\WSOCK32.dll
0x00007ff8d1a00000 - 0x00007ff8d1a6b000 	C:\Windows\system32\WS2_32.dll
0x00007ff8ce4b0000 - 0x00007ff8ce4d3000 	C:\Windows\SYSTEM32\WINMM.dll
0x00007ff8ce410000 - 0x00007ff8ce43c000 	C:\Windows\SYSTEM32\WINMMBASE.dll
0x00007ff8d17b0000 - 0x00007ff8d17f3000 	C:\Windows\system32\cfgmgr32.dll
0x00007ff8d0aa0000 - 0x00007ff8d0aaf000 	C:\Windows\system32\kernel.appcore.dll
0x00007ff8cb170000 - 0x00007ff8cb17a000 	C:\Program Files\Java\jdk-15.0.1\bin\jimage.dll
0x00007ff8bbec0000 - 0x00007ff8bc04c000 	C:\Windows\SYSTEM32\DBGHELP.DLL
0x00007ff8a9180000 - 0x00007ff8a91a5000 	C:\Windows\SYSTEM32\dbgcore.DLL

dbghelp: loaded successfully - version: 4.0.5 - missing functions: none
symbol engine: initialized successfully - sym options: 0x614 - pdb path: .;C:\Program Files\Java\jdk-15.0.1\bin;C:\Windows\SYSTEM32;C:\Windows\WinSxS\amd64_microsoft.windows.common-controls_6595b64144ccf1df_6.0.10586.494_none_a2d8b04ea53e3145;C:\Program Files\Java\jdk-15.0.1\bin\server

VM Arguments:
java_command: <unknown>
java_class_path (initial): <not set>
Launcher Type: SUN_STANDARD

[Global flags]
     bool UseLargePagesIndividualAllocation        = false                                  {pd product} {ergonomic}

Logging:
Log output configuration:
 #0: stdout all=warning uptime,level,tags
 #1: stderr all=off uptime,level,tags

Environment Variables:
PATH=C:\Program Files\Common Files\Oracle\Java\javapath;C:\Program Files\Microsoft MPI\Bin\;C:\Windows\system32;C:\Windows;C:\Windows\System32\Wbem;C:\Windows\System32\WindowsPowerShell\v1.0\;C:\Android;C:\Windows\System32;C:\Program Files (x86)\Microsoft SQL Server\150\Tools\Binn\;C:\Program Files\Microsoft SQL Server\150\Tools\Binn\;C:\Program Files (x86)\Microsoft SQL Server\150\DTS\Binn\;C:\Program Files\Microsoft SQL Server\150\DTS\Binn\;C:\Program Files\Microsoft SQL Server\Client SDK\ODBC\170\Tools\Binn\;C:\Program Files\Microsoft SQL Server\Client SDK\ODBC\110\Tools\Binn\;C:\Program Files (x86)\Microsoft SQL Server\120\Tools\Binn\;C:\Program Files\Microsoft SQL Server\120\Tools\Binn\;C:\Program Files\Microsoft SQL Server\120\DTS\Binn\;C:\Program Files (x86)\Microsoft SQL Server\Client SDK\ODBC\130\Tools\Binn\;C:\Program Files (x86)\Microsoft SQL Server\130\Tools\Binn\;C:\Program Files (x86)\Microsoft SQL Server\130\DTS\Binn\;C:\Program Files (x86)\Microsoft SQL Server\130\Tools\Binn\ManagementStudio\
USERNAME=yogesh
OS=Windows_NT
PROCESSOR_IDENTIFIER=Intel64 Family 6 Model 23 Stepping 10, GenuineIntel



---------------  S Y S T E M  ---------------

OS:
 Windows 10 , 64 bit Build 10586 (10.0.10586.0)
OS uptime: 7 days 21:25 hours

CPU: total 2 (initial active 0) 

Memory: 4k page, system-wide physical 8061M (4127M free)
TotalPageFile size 24351M (AvailPageFile size 51M)
current process WorkingSet (physical memory assigned to process): 7M, peak: 7M
current process commit charge ("private bytes"): 3M, peak: 3M

vm_info: Java HotSpot(TM) 64-Bit Server VM (15.0.1+9-18) for windows-amd64 JRE (15.0.1+9-18), built on Sep 15 2020 14:43:54 by "mach5one" with unknown MS VC++:1925

END.
